::1 - - [30/Mar/2020:21:22:56 +0000] "GET /admin/login HTTP/1.1" 200 479 "-" "Mozilla/5.0 (iPhone; CPU iPhone OS 10_3_1 like Mac OS X) AppleWebKit/603.1.30 (KHTML, like Gecko) Version/10.0 Mobile/14E304 Safari/602.1"
::1 - - [30/Mar/2020:21:22:56 +0000] "GET /css/adminStyle.css HTTP/1.1" 200 253 "http://localhost:8000/admin/login" "Mozilla/5.0 (iPhone; CPU iPhone OS 10_3_1 like Mac OS X) AppleWebKit/603.1.30 (KHTML, like Gecko) Version/10.0 Mobile/14E304 Safari/602.1"
::1 - - [30/Mar/2020:21:24:33 +0000] "GET /admin/login HTTP/1.1" 200 509 "-" "Mozilla/5.0 (iPhone; CPU iPhone OS 10_3_1 like Mac OS X) AppleWebKit/603.1.30 (KHTML, like Gecko) Version/10.0 Mobile/14E304 Safari/602.1"
::1 - - [30/Mar/2020:21:24:33 +0000] "GET /css/adminStyle.css HTTP/1.1" 304 - "http://localhost:8000/admin/login" "Mozilla/5.0 (iPhone; CPU iPhone OS 10_3_1 like Mac OS X) AppleWebKit/603.1.30 (KHTML, like Gecko) Version/10.0 Mobile/14E304 Safari/602.1"
::1 - - [30/Mar/2020:21:25:21 +0000] "GET /admin/login HTTP/1.1" 304 - "-" "Mozilla/5.0 (iPhone; CPU iPhone OS 10_3_1 like Mac OS X) AppleWebKit/603.1.30 (KHTML, like Gecko) Version/10.0 Mobile/14E304 Safari/602.1"
::1 - - [30/Mar/2020:21:25:21 +0000] "GET /css/adminStyle.css HTTP/1.1" 200 319 "http://localhost:8000/admin/login" "Mozilla/5.0 (iPhone; CPU iPhone OS 10_3_1 like Mac OS X) AppleWebKit/603.1.30 (KHTML, like Gecko) Version/10.0 Mobile/14E304 Safari/602.1"
::1 - - [30/Mar/2020:21:25:22 +0000] "GET /admin/login HTTP/1.1" 304 - "-" "Mozilla/5.0 (iPhone; CPU iPhone OS 10_3_1 like Mac OS X) AppleWebKit/603.1.30 (KHTML, like Gecko) Version/10.0 Mobile/14E304 Safari/602.1"
::1 - - [30/Mar/2020:21:25:22 +0000] "GET /css/adminStyle.css HTTP/1.1" 304 - "http://localhost:8000/admin/login" "Mozilla/5.0 (iPhone; CPU iPhone OS 10_3_1 like Mac OS X) AppleWebKit/603.1.30 (KHTML, like Gecko) Version/10.0 Mobile/14E304 Safari/602.1"
::1 - - [30/Mar/2020:21:25:43 +0000] "GET /admin/login HTTP/1.1" 200 510 "-" "Mozilla/5.0 (iPhone; CPU iPhone OS 10_3_1 like Mac OS X) AppleWebKit/603.1.30 (KHTML, like Gecko) Version/10.0 Mobile/14E304 Safari/602.1"
::1 - - [30/Mar/2020:21:25:43 +0000] "GET /css/adminStyle.css HTTP/1.1" 304 - "http://localhost:8000/admin/login" "Mozilla/5.0 (iPhone; CPU iPhone OS 10_3_1 like Mac OS X) AppleWebKit/603.1.30 (KHTML, like Gecko) Version/10.0 Mobile/14E304 Safari/602.1"
::1 - - [30/Mar/2020:21:26:47 +0000] "GET /admin/login HTTP/1.1" 304 - "-" "Mozilla/5.0 (iPhone; CPU iPhone OS 10_3_1 like Mac OS X) AppleWebKit/603.1.30 (KHTML, like Gecko) Version/10.0 Mobile/14E304 Safari/602.1"
::1 - - [30/Mar/2020:21:26:47 +0000] "GET /css/adminStyle.css HTTP/1.1" 200 350 "http://localhost:8000/admin/login" "Mozilla/5.0 (iPhone; CPU iPhone OS 10_3_1 like Mac OS X) AppleWebKit/603.1.30 (KHTML, like Gecko) Version/10.0 Mobile/14E304 Safari/602.1"
::1 - - [30/Mar/2020:21:27:19 +0000] "GET /admin/login HTTP/1.1" 304 - "-" "Mozilla/5.0 (iPhone; CPU iPhone OS 10_3_1 like Mac OS X) AppleWebKit/603.1.30 (KHTML, like Gecko) Version/10.0 Mobile/14E304 Safari/602.1"
::1 - - [30/Mar/2020:21:27:19 +0000] "GET /css/adminStyle.css HTTP/1.1" 200 383 "http://localhost:8000/admin/login" "Mozilla/5.0 (iPhone; CPU iPhone OS 10_3_1 like Mac OS X) AppleWebKit/603.1.30 (KHTML, like Gecko) Version/10.0 Mobile/14E304 Safari/602.1"
::1 - - [30/Mar/2020:21:28:44 +0000] "GET /admin/login HTTP/1.1" 200 605 "-" "Mozilla/5.0 (iPhone; CPU iPhone OS 10_3_1 like Mac OS X) AppleWebKit/603.1.30 (KHTML, like Gecko) Version/10.0 Mobile/14E304 Safari/602.1"
::1 - - [30/Mar/2020:21:28:44 +0000] "GET /css/adminStyle.css HTTP/1.1" 200 416 "http://localhost:8000/admin/login" "Mozilla/5.0 (iPhone; CPU iPhone OS 10_3_1 like Mac OS X) AppleWebKit/603.1.30 (KHTML, like Gecko) Version/10.0 Mobile/14E304 Safari/602.1"
::1 - - [30/Mar/2020:21:28:59 +0000] "GET /admin/login HTTP/1.1" 304 - "-" "Mozilla/5.0 (iPhone; CPU iPhone OS 10_3_1 like Mac OS X) AppleWebKit/603.1.30 (KHTML, like Gecko) Version/10.0 Mobile/14E304 Safari/602.1"
::1 - - [30/Mar/2020:21:28:59 +0000] "GET /css/adminStyle.css HTTP/1.1" 200 428 "http://localhost:8000/admin/login" "Mozilla/5.0 (iPhone; CPU iPhone OS 10_3_1 like Mac OS X) AppleWebKit/603.1.30 (KHTML, like Gecko) Version/10.0 Mobile/14E304 Safari/602.1"
::1 - - [30/Mar/2020:21:29:12 +0000] "GET /admin/login HTTP/1.1" 304 - "-" "Mozilla/5.0 (iPhone; CPU iPhone OS 10_3_1 like Mac OS X) AppleWebKit/603.1.30 (KHTML, like Gecko) Version/10.0 Mobile/14E304 Safari/602.1"
::1 - - [30/Mar/2020:21:29:12 +0000] "GET /css/adminStyle.css HTTP/1.1" 200 441 "http://localhost:8000/admin/login" "Mozilla/5.0 (iPhone; CPU iPhone OS 10_3_1 like Mac OS X) AppleWebKit/603.1.30 (KHTML, like Gecko) Version/10.0 Mobile/14E304 Safari/602.1"
::1 - - [30/Mar/2020:21:29:31 +0000] "GET /admin/login HTTP/1.1" 304 - "-" "Mozilla/5.0 (iPhone; CPU iPhone OS 10_3_1 like Mac OS X) AppleWebKit/603.1.30 (KHTML, like Gecko) Version/10.0 Mobile/14E304 Safari/602.1"
::1 - - [30/Mar/2020:21:29:32 +0000] "GET /css/adminStyle.css HTTP/1.1" 200 459 "http://localhost:8000/admin/login" "Mozilla/5.0 (iPhone; CPU iPhone OS 10_3_1 like Mac OS X) AppleWebKit/603.1.30 (KHTML, like Gecko) Version/10.0 Mobile/14E304 Safari/602.1"
::1 - - [30/Mar/2020:21:32:03 +0000] "GET /admin/login HTTP/1.1" 200 825 "-" "Mozilla/5.0 (iPhone; CPU iPhone OS 10_3_1 like Mac OS X) AppleWebKit/603.1.30 (KHTML, like Gecko) Version/10.0 Mobile/14E304 Safari/602.1"
::1 - - [30/Mar/2020:21:32:03 +0000] "GET /css/adminStyle.css HTTP/1.1" 200 599 "http://localhost:8000/admin/login" "Mozilla/5.0 (iPhone; CPU iPhone OS 10_3_1 like Mac OS X) AppleWebKit/603.1.30 (KHTML, like Gecko) Version/10.0 Mobile/14E304 Safari/602.1"
::1 - - [30/Mar/2020:21:32:15 +0000] "GET /admin/login HTTP/1.1" 304 - "-" "Mozilla/5.0 (iPhone; CPU iPhone OS 10_3_1 like Mac OS X) AppleWebKit/603.1.30 (KHTML, like Gecko) Version/10.0 Mobile/14E304 Safari/602.1"
::1 - - [30/Mar/2020:21:32:15 +0000] "GET /css/adminStyle.css HTTP/1.1" 200 599 "http://localhost:8000/admin/login" "Mozilla/5.0 (iPhone; CPU iPhone OS 10_3_1 like Mac OS X) AppleWebKit/603.1.30 (KHTML, like Gecko) Version/10.0 Mobile/14E304 Safari/602.1"
::1 - - [30/Mar/2020:21:32:42 +0000] "GET /admin/login HTTP/1.1" 304 - "-" "Mozilla/5.0 (iPhone; CPU iPhone OS 10_3_1 like Mac OS X) AppleWebKit/603.1.30 (KHTML, like Gecko) Version/10.0 Mobile/14E304 Safari/602.1"
::1 - - [30/Mar/2020:21:32:42 +0000] "GET /css/adminStyle.css HTTP/1.1" 200 619 "http://localhost:8000/admin/login" "Mozilla/5.0 (iPhone; CPU iPhone OS 10_3_1 like Mac OS X) AppleWebKit/603.1.30 (KHTML, like Gecko) Version/10.0 Mobile/14E304 Safari/602.1"
::1 - - [30/Mar/2020:21:33:10 +0000] "GET /admin/login HTTP/1.1" 200 833 "-" "Mozilla/5.0 (iPhone; CPU iPhone OS 10_3_1 like Mac OS X) AppleWebKit/603.1.30 (KHTML, like Gecko) Version/10.0 Mobile/14E304 Safari/602.1"
::1 - - [30/Mar/2020:21:33:10 +0000] "GET /css/adminStyle.css HTTP/1.1" 304 - "http://localhost:8000/admin/login" "Mozilla/5.0 (iPhone; CPU iPhone OS 10_3_1 like Mac OS X) AppleWebKit/603.1.30 (KHTML, like Gecko) Version/10.0 Mobile/14E304 Safari/602.1"
::1 - - [30/Mar/2020:21:33:44 +0000] "GET /admin/login HTTP/1.1" 304 - "-" "Mozilla/5.0 (iPhone; CPU iPhone OS 10_3_1 like Mac OS X) AppleWebKit/603.1.30 (KHTML, like Gecko) Version/10.0 Mobile/14E304 Safari/602.1"
::1 - - [30/Mar/2020:21:33:44 +0000] "GET /css/adminStyle.css HTTP/1.1" 200 649 "http://localhost:8000/admin/login" "Mozilla/5.0 (iPhone; CPU iPhone OS 10_3_1 like Mac OS X) AppleWebKit/603.1.30 (KHTML, like Gecko) Version/10.0 Mobile/14E304 Safari/602.1"
::1 - - [30/Mar/2020:21:34:00 +0000] "GET /admin/login HTTP/1.1" 304 - "-" "Mozilla/5.0 (iPhone; CPU iPhone OS 10_3_1 like Mac OS X) AppleWebKit/603.1.30 (KHTML, like Gecko) Version/10.0 Mobile/14E304 Safari/602.1"
::1 - - [30/Mar/2020:21:34:00 +0000] "GET /css/adminStyle.css HTTP/1.1" 200 632 "http://localhost:8000/admin/login" "Mozilla/5.0 (iPhone; CPU iPhone OS 10_3_1 like Mac OS X) AppleWebKit/603.1.30 (KHTML, like Gecko) Version/10.0 Mobile/14E304 Safari/602.1"
::1 - - [30/Mar/2020:21:34:09 +0000] "GET /admin/login HTTP/1.1" 304 - "-" "Mozilla/5.0 (iPhone; CPU iPhone OS 10_3_1 like Mac OS X) AppleWebKit/603.1.30 (KHTML, like Gecko) Version/10.0 Mobile/14E304 Safari/602.1"
::1 - - [30/Mar/2020:21:34:09 +0000] "GET /css/adminStyle.css HTTP/1.1" 200 647 "http://localhost:8000/admin/login" "Mozilla/5.0 (iPhone; CPU iPhone OS 10_3_1 like Mac OS X) AppleWebKit/603.1.30 (KHTML, like Gecko) Version/10.0 Mobile/14E304 Safari/602.1"
::1 - - [30/Mar/2020:21:34:28 +0000] "GET /admin/login HTTP/1.1" 304 - "-" "Mozilla/5.0 (iPhone; CPU iPhone OS 10_3_1 like Mac OS X) AppleWebKit/603.1.30 (KHTML, like Gecko) Version/10.0 Mobile/14E304 Safari/602.1"
::1 - - [30/Mar/2020:21:34:28 +0000] "GET /css/adminStyle.css HTTP/1.1" 200 647 "http://localhost:8000/admin/login" "Mozilla/5.0 (iPhone; CPU iPhone OS 10_3_1 like Mac OS X) AppleWebKit/603.1.30 (KHTML, like Gecko) Version/10.0 Mobile/14E304 Safari/602.1"
::1 - - [30/Mar/2020:21:34:53 +0000] "GET /admin/login HTTP/1.1" 304 - "-" "Mozilla/5.0 (iPhone; CPU iPhone OS 10_3_1 like Mac OS X) AppleWebKit/603.1.30 (KHTML, like Gecko) Version/10.0 Mobile/14E304 Safari/602.1"
::1 - - [30/Mar/2020:21:34:54 +0000] "GET /css/adminStyle.css HTTP/1.1" 200 658 "http://localhost:8000/admin/login" "Mozilla/5.0 (iPhone; CPU iPhone OS 10_3_1 like Mac OS X) AppleWebKit/603.1.30 (KHTML, like Gecko) Version/10.0 Mobile/14E304 Safari/602.1"
::1 - - [30/Mar/2020:21:35:03 +0000] "GET /admin/login HTTP/1.1" 304 - "-" "Mozilla/5.0 (iPhone; CPU iPhone OS 10_3_1 like Mac OS X) AppleWebKit/603.1.30 (KHTML, like Gecko) Version/10.0 Mobile/14E304 Safari/602.1"
::1 - - [30/Mar/2020:21:35:03 +0000] "GET /css/adminStyle.css HTTP/1.1" 200 658 "http://localhost:8000/admin/login" "Mozilla/5.0 (iPhone; CPU iPhone OS 10_3_1 like Mac OS X) AppleWebKit/603.1.30 (KHTML, like Gecko) Version/10.0 Mobile/14E304 Safari/602.1"
::1 - - [30/Mar/2020:21:35:41 +0000] "GET /admin/login HTTP/1.1" 304 - "-" "Mozilla/5.0 (iPhone; CPU iPhone OS 10_3_1 like Mac OS X) AppleWebKit/603.1.30 (KHTML, like Gecko) Version/10.0 Mobile/14E304 Safari/602.1"
::1 - - [30/Mar/2020:21:35:41 +0000] "GET /css/adminStyle.css HTTP/1.1" 200 661 "http://localhost:8000/admin/login" "Mozilla/5.0 (iPhone; CPU iPhone OS 10_3_1 like Mac OS X) AppleWebKit/603.1.30 (KHTML, like Gecko) Version/10.0 Mobile/14E304 Safari/602.1"
::1 - - [30/Mar/2020:21:37:15 +0000] "GET /admin/login HTTP/1.1" 200 1065 "-" "Mozilla/5.0 (Linux; Android 5.0; SM-G900P Build/LRX21T) AppleWebKit/537.36 (KHTML, like Gecko) Chrome/80.0.3987.87 Mobile Safari/537.36"
::1 - - [30/Mar/2020:21:37:16 +0000] "GET /css/adminStyle.css HTTP/1.1" 304 - "http://localhost:8000/admin/login" "Mozilla/5.0 (Linux; Android 5.0; SM-G900P Build/LRX21T) AppleWebKit/537.36 (KHTML, like Gecko) Chrome/80.0.3987.87 Mobile Safari/537.36"
::1 - - [30/Mar/2020:21:38:27 +0000] "GET /admin/login HTTP/1.1" 200 1188 "-" "Mozilla/5.0 (Linux; Android 5.0; SM-G900P Build/LRX21T) AppleWebKit/537.36 (KHTML, like Gecko) Chrome/80.0.3987.87 Mobile Safari/537.36"
::1 - - [30/Mar/2020:21:38:27 +0000] "GET /css/adminStyle.css HTTP/1.1" 304 - "http://localhost:8000/admin/login" "Mozilla/5.0 (Linux; Android 5.0; SM-G900P Build/LRX21T) AppleWebKit/537.36 (KHTML, like Gecko) Chrome/80.0.3987.87 Mobile Safari/537.36"
::1 - - [30/Mar/2020:21:39:03 +0000] "GET /admin/login HTTP/1.1" 200 1200 "-" "Mozilla/5.0 (Linux; Android 5.0; SM-G900P Build/LRX21T) AppleWebKit/537.36 (KHTML, like Gecko) Chrome/80.0.3987.87 Mobile Safari/537.36"
::1 - - [30/Mar/2020:21:39:03 +0000] "GET /css/adminStyle.css HTTP/1.1" 200 696 "http://localhost:8000/admin/login" "Mozilla/5.0 (Linux; Android 5.0; SM-G900P Build/LRX21T) AppleWebKit/537.36 (KHTML, like Gecko) Chrome/80.0.3987.87 Mobile Safari/537.36"
::1 - - [30/Mar/2020:21:40:35 +0000] "GET /admin/login HTTP/1.1" 200 1216 "-" "Mozilla/5.0 (Linux; Android 5.0; SM-G900P Build/LRX21T) AppleWebKit/537.36 (KHTML, like Gecko) Chrome/80.0.3987.87 Mobile Safari/537.36"
::1 - - [30/Mar/2020:21:40:35 +0000] "GET /css/adminStyle.css HTTP/1.1" 200 752 "http://localhost:8000/admin/login" "Mozilla/5.0 (Linux; Android 5.0; SM-G900P Build/LRX21T) AppleWebKit/537.36 (KHTML, like Gecko) Chrome/80.0.3987.87 Mobile Safari/537.36"
::1 - - [30/Mar/2020:21:40:50 +0000] "GET /admin/login HTTP/1.1" 304 - "-" "Mozilla/5.0 (Linux; Android 5.0; SM-G900P Build/LRX21T) AppleWebKit/537.36 (KHTML, like Gecko) Chrome/80.0.3987.87 Mobile Safari/537.36"
::1 - - [30/Mar/2020:21:40:50 +0000] "GET /css/adminStyle.css HTTP/1.1" 200 775 "http://localhost:8000/admin/login" "Mozilla/5.0 (Linux; Android 5.0; SM-G900P Build/LRX21T) AppleWebKit/537.36 (KHTML, like Gecko) Chrome/80.0.3987.87 Mobile Safari/537.36"
::1 - - [30/Mar/2020:21:41:28 +0000] "GET /admin/login HTTP/1.1" 304 - "-" "Mozilla/5.0 (Linux; Android 5.0; SM-G900P Build/LRX21T) AppleWebKit/537.36 (KHTML, like Gecko) Chrome/80.0.3987.87 Mobile Safari/537.36"
::1 - - [30/Mar/2020:21:41:28 +0000] "GET /css/adminStyle.css HTTP/1.1" 200 775 "http://localhost:8000/admin/login" "Mozilla/5.0 (Linux; Android 5.0; SM-G900P Build/LRX21T) AppleWebKit/537.36 (KHTML, like Gecko) Chrome/80.0.3987.87 Mobile Safari/537.36"
::1 - - [30/Mar/2020:21:41:29 +0000] "GET /admin/login?username=&password= HTTP/1.1" 200 1216 "http://localhost:8000/admin/login" "Mozilla/5.0 (Linux; Android 5.0; SM-G900P Build/LRX21T) AppleWebKit/537.36 (KHTML, like Gecko) Chrome/80.0.3987.87 Mobile Safari/537.36"
::1 - - [30/Mar/2020:21:41:29 +0000] "GET /css/adminStyle.css HTTP/1.1" 304 - "http://localhost:8000/admin/login?username=&password=" "Mozilla/5.0 (Linux; Android 5.0; SM-G900P Build/LRX21T) AppleWebKit/537.36 (KHTML, like Gecko) Chrome/80.0.3987.87 Mobile Safari/537.36"
::1 - - [30/Mar/2020:21:41:37 +0000] "GET /admin/login?username=&password= HTTP/1.1" 304 - "http://localhost:8000/admin/login" "Mozilla/5.0 (Linux; Android 5.0; SM-G900P Build/LRX21T) AppleWebKit/537.36 (KHTML, like Gecko) Chrome/80.0.3987.87 Mobile Safari/537.36"
::1 - - [30/Mar/2020:21:41:37 +0000] "GET /css/adminStyle.css HTTP/1.1" 200 786 "http://localhost:8000/admin/login?username=&password=" "Mozilla/5.0 (Linux; Android 5.0; SM-G900P Build/LRX21T) AppleWebKit/537.36 (KHTML, like Gecko) Chrome/80.0.3987.87 Mobile Safari/537.36"
::1 - - [30/Mar/2020:21:41:50 +0000] "GET /admin/login?username=&password= HTTP/1.1" 304 - "http://localhost:8000/admin/login" "Mozilla/5.0 (Linux; Android 5.0; SM-G900P Build/LRX21T) AppleWebKit/537.36 (KHTML, like Gecko) Chrome/80.0.3987.87 Mobile Safari/537.36"
::1 - - [30/Mar/2020:21:41:50 +0000] "GET /css/adminStyle.css HTTP/1.1" 200 797 "http://localhost:8000/admin/login?username=&password=" "Mozilla/5.0 (Linux; Android 5.0; SM-G900P Build/LRX21T) AppleWebKit/537.36 (KHTML, like Gecko) Chrome/80.0.3987.87 Mobile Safari/537.36"
::1 - - [30/Mar/2020:21:42:22 +0000] "GET /admin/login?username=&password= HTTP/1.1" 304 - "http://localhost:8000/admin/login" "Mozilla/5.0 (Linux; Android 5.0; SM-G900P Build/LRX21T) AppleWebKit/537.36 (KHTML, like Gecko) Chrome/80.0.3987.87 Mobile Safari/537.36"
::1 - - [30/Mar/2020:21:42:22 +0000] "GET /css/adminStyle.css HTTP/1.1" 200 822 "http://localhost:8000/admin/login?username=&password=" "Mozilla/5.0 (Linux; Android 5.0; SM-G900P Build/LRX21T) AppleWebKit/537.36 (KHTML, like Gecko) Chrome/80.0.3987.87 Mobile Safari/537.36"
::1 - - [30/Mar/2020:21:44:01 +0000] "GET /admin/login?username=&password= HTTP/1.1" 200 1224 "http://localhost:8000/admin/login" "Mozilla/5.0 (Linux; Android 5.0; SM-G900P Build/LRX21T) AppleWebKit/537.36 (KHTML, like Gecko) Chrome/80.0.3987.87 Mobile Safari/537.36"
::1 - - [30/Mar/2020:21:44:01 +0000] "GET /css/adminStyle.css HTTP/1.1" 200 870 "http://localhost:8000/admin/login?username=&password=" "Mozilla/5.0 (Linux; Android 5.0; SM-G900P Build/LRX21T) AppleWebKit/537.36 (KHTML, like Gecko) Chrome/80.0.3987.87 Mobile Safari/537.36"
::1 - - [30/Mar/2020:21:44:43 +0000] "GET /admin/login?username=&password= HTTP/1.1" 304 - "http://localhost:8000/admin/login?username=&password=" "Mozilla/5.0 (Linux; Android 5.0; SM-G900P Build/LRX21T) AppleWebKit/537.36 (KHTML, like Gecko) Chrome/80.0.3987.87 Mobile Safari/537.36"
::1 - - [30/Mar/2020:21:44:43 +0000] "GET /css/adminStyle.css HTTP/1.1" 304 - "http://localhost:8000/admin/login?username=&password=" "Mozilla/5.0 (Linux; Android 5.0; SM-G900P Build/LRX21T) AppleWebKit/537.36 (KHTML, like Gecko) Chrome/80.0.3987.87 Mobile Safari/537.36"
::1 - - [30/Mar/2020:21:44:56 +0000] "GET /admin/login HTTP/1.1" 200 1224 "-" "Mozilla/5.0 (Linux; Android 5.0; SM-G900P Build/LRX21T) AppleWebKit/537.36 (KHTML, like Gecko) Chrome/80.0.3987.87 Mobile Safari/537.36"
::1 - - [30/Mar/2020:21:44:56 +0000] "GET /css/adminStyle.css HTTP/1.1" 304 - "http://localhost:8000/admin/login" "Mozilla/5.0 (Linux; Android 5.0; SM-G900P Build/LRX21T) AppleWebKit/537.36 (KHTML, like Gecko) Chrome/80.0.3987.87 Mobile Safari/537.36"
::1 - - [30/Mar/2020:22:04:00 +0000] "GET /admin/login HTTP/1.1" 304 - "-" "Mozilla/5.0 (Linux; Android 5.0; SM-G900P Build/LRX21T) AppleWebKit/537.36 (KHTML, like Gecko) Chrome/80.0.3987.87 Mobile Safari/537.36"
::1 - - [30/Mar/2020:22:04:00 +0000] "GET /css/adminStyle.css HTTP/1.1" 200 859 "http://localhost:8000/admin/login" "Mozilla/5.0 (Linux; Android 5.0; SM-G900P Build/LRX21T) AppleWebKit/537.36 (KHTML, like Gecko) Chrome/80.0.3987.87 Mobile Safari/537.36"
::1 - - [30/Mar/2020:22:13:36 +0000] "GET /admin/login HTTP/1.1" 200 2214 "-" "Mozilla/5.0 (Linux; Android 5.0; SM-G900P Build/LRX21T) AppleWebKit/537.36 (KHTML, like Gecko) Chrome/80.0.3987.87 Mobile Safari/537.36"
::1 - - [30/Mar/2020:22:13:36 +0000] "GET /css/adminStyle.css HTTP/1.1" 200 945 "http://localhost:8000/admin/login" "Mozilla/5.0 (Linux; Android 5.0; SM-G900P Build/LRX21T) AppleWebKit/537.36 (KHTML, like Gecko) Chrome/80.0.3987.87 Mobile Safari/537.36"
::1 - - [30/Mar/2020:22:13:53 +0000] "GET /admin/login HTTP/1.1" 304 - "-" "Mozilla/5.0 (Linux; Android 5.0; SM-G900P Build/LRX21T) AppleWebKit/537.36 (KHTML, like Gecko) Chrome/80.0.3987.87 Mobile Safari/537.36"
::1 - - [30/Mar/2020:22:13:53 +0000] "GET /css/adminStyle.css HTTP/1.1" 200 960 "http://localhost:8000/admin/login" "Mozilla/5.0 (Linux; Android 5.0; SM-G900P Build/LRX21T) AppleWebKit/537.36 (KHTML, like Gecko) Chrome/80.0.3987.87 Mobile Safari/537.36"
::1 - - [30/Mar/2020:22:14:08 +0000] "GET /admin/login HTTP/1.1" 304 - "-" "Mozilla/5.0 (Linux; Android 5.0; SM-G900P Build/LRX21T) AppleWebKit/537.36 (KHTML, like Gecko) Chrome/80.0.3987.87 Mobile Safari/537.36"
::1 - - [30/Mar/2020:22:14:08 +0000] "GET /css/adminStyle.css HTTP/1.1" 304 - "http://localhost:8000/admin/login" "Mozilla/5.0 (Linux; Android 5.0; SM-G900P Build/LRX21T) AppleWebKit/537.36 (KHTML, like Gecko) Chrome/80.0.3987.87 Mobile Safari/537.36"
::1 - - [30/Mar/2020:22:14:16 +0000] "GET /admin/login HTTP/1.1" 304 - "-" "Mozilla/5.0 (Linux; Android 5.0; SM-G900P Build/LRX21T) AppleWebKit/537.36 (KHTML, like Gecko) Chrome/80.0.3987.87 Mobile Safari/537.36"
::1 - - [30/Mar/2020:22:14:16 +0000] "GET /css/adminStyle.css HTTP/1.1" 304 - "http://localhost:8000/admin/login" "Mozilla/5.0 (Linux; Android 5.0; SM-G900P Build/LRX21T) AppleWebKit/537.36 (KHTML, like Gecko) Chrome/80.0.3987.87 Mobile Safari/537.36"
::1 - - [30/Mar/2020:22:21:06 +0000] "GET /admin/login HTTP/1.1" 200 2790 "-" "Mozilla/5.0 (Linux; Android 5.0; SM-G900P Build/LRX21T) AppleWebKit/537.36 (KHTML, like Gecko) Chrome/80.0.3987.87 Mobile Safari/537.36"
::1 - - [30/Mar/2020:22:21:06 +0000] "GET /css/adminStyle.css HTTP/1.1" 304 - "http://localhost:8000/admin/login" "Mozilla/5.0 (Linux; Android 5.0; SM-G900P Build/LRX21T) AppleWebKit/537.36 (KHTML, like Gecko) Chrome/80.0.3987.87 Mobile Safari/537.36"
::1 - - [30/Mar/2020:22:21:30 +0000] "GET /admin/login HTTP/1.1" 304 - "-" "Mozilla/5.0 (Linux; Android 5.0; SM-G900P Build/LRX21T) AppleWebKit/537.36 (KHTML, like Gecko) Chrome/80.0.3987.87 Mobile Safari/537.36"
::1 - - [30/Mar/2020:22:21:30 +0000] "GET /css/adminStyle.css HTTP/1.1" 304 - "http://localhost:8000/admin/login" "Mozilla/5.0 (Linux; Android 5.0; SM-G900P Build/LRX21T) AppleWebKit/537.36 (KHTML, like Gecko) Chrome/80.0.3987.87 Mobile Safari/537.36"
::1 - - [30/Mar/2020:22:22:03 +0000] "GET /admin/login HTTP/1.1" 200 2804 "-" "Mozilla/5.0 (Linux; Android 5.0; SM-G900P Build/LRX21T) AppleWebKit/537.36 (KHTML, like Gecko) Chrome/80.0.3987.87 Mobile Safari/537.36"
::1 - - [30/Mar/2020:22:22:03 +0000] "GET /css/adminStyle.css HTTP/1.1" 304 - "http://localhost:8000/admin/login" "Mozilla/5.0 (Linux; Android 5.0; SM-G900P Build/LRX21T) AppleWebKit/537.36 (KHTML, like Gecko) Chrome/80.0.3987.87 Mobile Safari/537.36"
::1 - - [30/Mar/2020:22:22:40 +0000] "GET /admin/login HTTP/1.1" 200 2761 "-" "Mozilla/5.0 (Linux; Android 5.0; SM-G900P Build/LRX21T) AppleWebKit/537.36 (KHTML, like Gecko) Chrome/80.0.3987.87 Mobile Safari/537.36"
::1 - - [30/Mar/2020:22:22:40 +0000] "GET /css/adminStyle.css HTTP/1.1" 304 - "http://localhost:8000/admin/login" "Mozilla/5.0 (Linux; Android 5.0; SM-G900P Build/LRX21T) AppleWebKit/537.36 (KHTML, like Gecko) Chrome/80.0.3987.87 Mobile Safari/537.36"
::1 - - [30/Mar/2020:22:23:14 +0000] "GET /admin/login HTTP/1.1" 200 2800 "-" "Mozilla/5.0 (Linux; Android 5.0; SM-G900P Build/LRX21T) AppleWebKit/537.36 (KHTML, like Gecko) Chrome/80.0.3987.87 Mobile Safari/537.36"
::1 - - [30/Mar/2020:22:23:14 +0000] "GET /css/adminStyle.css HTTP/1.1" 304 - "http://localhost:8000/admin/login" "Mozilla/5.0 (Linux; Android 5.0; SM-G900P Build/LRX21T) AppleWebKit/537.36 (KHTML, like Gecko) Chrome/80.0.3987.87 Mobile Safari/537.36"
::1 - - [30/Mar/2020:22:23:59 +0000] "GET /admin/login HTTP/1.1" 200 2768 "-" "Mozilla/5.0 (Linux; Android 5.0; SM-G900P Build/LRX21T) AppleWebKit/537.36 (KHTML, like Gecko) Chrome/80.0.3987.87 Mobile Safari/537.36"
::1 - - [30/Mar/2020:22:23:59 +0000] "GET /css/adminStyle.css HTTP/1.1" 304 - "http://localhost:8000/admin/login" "Mozilla/5.0 (Linux; Android 5.0; SM-G900P Build/LRX21T) AppleWebKit/537.36 (KHTML, like Gecko) Chrome/80.0.3987.87 Mobile Safari/537.36"
::1 - - [30/Mar/2020:22:24:05 +0000] "POST /admin/login HTTP/1.1" 302 23 "http://localhost:8000/admin/login" "Mozilla/5.0 (Linux; Android 5.0; SM-G900P Build/LRX21T) AppleWebKit/537.36 (KHTML, like Gecko) Chrome/80.0.3987.87 Mobile Safari/537.36"
::1 - - [30/Mar/2020:22:24:05 +0000] "GET / HTTP/1.1" 304 - "http://localhost:8000/admin/login" "Mozilla/5.0 (Linux; Android 5.0; SM-G900P Build/LRX21T) AppleWebKit/537.36 (KHTML, like Gecko) Chrome/80.0.3987.87 Mobile Safari/537.36"
::1 - - [30/Mar/2020:22:38:00 +0000] "GET /admin/login HTTP/1.1" 200 2768 "-" "Mozilla/5.0 (Linux; Android 5.0; SM-G900P Build/LRX21T) AppleWebKit/537.36 (KHTML, like Gecko) Chrome/80.0.3987.87 Mobile Safari/537.36"
::1 - - [30/Mar/2020:22:38:00 +0000] "GET /css/adminStyle.css HTTP/1.1" 304 - "http://localhost:8000/admin/login" "Mozilla/5.0 (Linux; Android 5.0; SM-G900P Build/LRX21T) AppleWebKit/537.36 (KHTML, like Gecko) Chrome/80.0.3987.87 Mobile Safari/537.36"
::1 - - [30/Mar/2020:22:38:07 +0000] "POST /admin/login HTTP/1.1" 302 23 "http://localhost:8000/admin/login" "Mozilla/5.0 (Linux; Android 5.0; SM-G900P Build/LRX21T) AppleWebKit/537.36 (KHTML, like Gecko) Chrome/80.0.3987.87 Mobile Safari/537.36"
::1 - - [30/Mar/2020:22:38:07 +0000] "GET / HTTP/1.1" 304 - "http://localhost:8000/admin/login" "Mozilla/5.0 (Linux; Android 5.0; SM-G900P Build/LRX21T) AppleWebKit/537.36 (KHTML, like Gecko) Chrome/80.0.3987.87 Mobile Safari/537.36"
::1 - - [30/Mar/2020:22:38:51 +0000] "GET /admin/login HTTP/1.1" 200 2768 "-" "Mozilla/5.0 (Linux; Android 5.0; SM-G900P Build/LRX21T) AppleWebKit/537.36 (KHTML, like Gecko) Chrome/80.0.3987.87 Mobile Safari/537.36"
::1 - - [30/Mar/2020:22:38:51 +0000] "GET /css/adminStyle.css HTTP/1.1" 304 - "http://localhost:8000/admin/login" "Mozilla/5.0 (Linux; Android 5.0; SM-G900P Build/LRX21T) AppleWebKit/537.36 (KHTML, like Gecko) Chrome/80.0.3987.87 Mobile Safari/537.36"
::1 - - [30/Mar/2020:22:38:57 +0000] "POST /admin/login HTTP/1.1" 302 23 "http://localhost:8000/admin/login" "Mozilla/5.0 (Linux; Android 5.0; SM-G900P Build/LRX21T) AppleWebKit/537.36 (KHTML, like Gecko) Chrome/80.0.3987.87 Mobile Safari/537.36"
::1 - - [30/Mar/2020:22:38:57 +0000] "GET / HTTP/1.1" 304 - "http://localhost:8000/admin/login" "Mozilla/5.0 (Linux; Android 5.0; SM-G900P Build/LRX21T) AppleWebKit/537.36 (KHTML, like Gecko) Chrome/80.0.3987.87 Mobile Safari/537.36"
::1 - - [30/Mar/2020:22:39:13 +0000] "GET /admin/login HTTP/1.1" 200 2761 "-" "Mozilla/5.0 (Linux; Android 5.0; SM-G900P Build/LRX21T) AppleWebKit/537.36 (KHTML, like Gecko) Chrome/80.0.3987.87 Mobile Safari/537.36"
::1 - - [30/Mar/2020:22:39:13 +0000] "GET /css/adminStyle.css HTTP/1.1" 304 - "http://localhost:8000/admin/login" "Mozilla/5.0 (Linux; Android 5.0; SM-G900P Build/LRX21T) AppleWebKit/537.36 (KHTML, like Gecko) Chrome/80.0.3987.87 Mobile Safari/537.36"
::1 - - [30/Mar/2020:22:39:19 +0000] "POST /admin/login HTTP/1.1" 302 23 "http://localhost:8000/admin/login" "Mozilla/5.0 (Linux; Android 5.0; SM-G900P Build/LRX21T) AppleWebKit/537.36 (KHTML, like Gecko) Chrome/80.0.3987.87 Mobile Safari/537.36"
::1 - - [30/Mar/2020:22:39:19 +0000] "GET / HTTP/1.1" 304 - "http://localhost:8000/admin/login" "Mozilla/5.0 (Linux; Android 5.0; SM-G900P Build/LRX21T) AppleWebKit/537.36 (KHTML, like Gecko) Chrome/80.0.3987.87 Mobile Safari/537.36"
::1 - - [30/Mar/2020:22:42:13 +0000] "GET /admin/login HTTP/1.1" 200 2761 "-" "Mozilla/5.0 (Linux; Android 5.0; SM-G900P Build/LRX21T) AppleWebKit/537.36 (KHTML, like Gecko) Chrome/80.0.3987.87 Mobile Safari/537.36"
::1 - - [30/Mar/2020:22:42:13 +0000] "GET /css/adminStyle.css HTTP/1.1" 304 - "http://localhost:8000/admin/login" "Mozilla/5.0 (Linux; Android 5.0; SM-G900P Build/LRX21T) AppleWebKit/537.36 (KHTML, like Gecko) Chrome/80.0.3987.87 Mobile Safari/537.36"
::1 - - [30/Mar/2020:22:42:47 +0000] "GET /admin/login HTTP/1.1" 200 2761 "-" "Mozilla/5.0 (Linux; Android 5.0; SM-G900P Build/LRX21T) AppleWebKit/537.36 (KHTML, like Gecko) Chrome/80.0.3987.87 Mobile Safari/537.36"
::1 - - [30/Mar/2020:22:42:47 +0000] "POST /admin/login HTTP/1.1" - - "http://localhost:8000/admin/login" "Mozilla/5.0 (Linux; Android 5.0; SM-G900P Build/LRX21T) AppleWebKit/537.36 (KHTML, like Gecko) Chrome/80.0.3987.87 Mobile Safari/537.36"
::1 - - [30/Mar/2020:22:42:47 +0000] "GET /css/adminStyle.css HTTP/1.1" 304 - "http://localhost:8000/admin/login" "Mozilla/5.0 (Linux; Android 5.0; SM-G900P Build/LRX21T) AppleWebKit/537.36 (KHTML, like Gecko) Chrome/80.0.3987.87 Mobile Safari/537.36"
::1 - - [30/Mar/2020:22:44:53 +0000] "POST /admin/login HTTP/1.1" - - "http://localhost:8000/admin/login" "Mozilla/5.0 (Linux; Android 5.0; SM-G900P Build/LRX21T) AppleWebKit/537.36 (KHTML, like Gecko) Chrome/80.0.3987.87 Mobile Safari/537.36"
::1 - - [30/Mar/2020:22:44:54 +0000] "POST /admin/login HTTP/1.1" - - "http://localhost:8000/admin/login" "Mozilla/5.0 (Linux; Android 5.0; SM-G900P Build/LRX21T) AppleWebKit/537.36 (KHTML, like Gecko) Chrome/80.0.3987.87 Mobile Safari/537.36"
::1 - - [30/Mar/2020:22:47:25 +0000] "GET /admin/login HTTP/1.1" 304 - "-" "Mozilla/5.0 (Linux; Android 5.0; SM-G900P Build/LRX21T) AppleWebKit/537.36 (KHTML, like Gecko) Chrome/80.0.3987.87 Mobile Safari/537.36"
::1 - - [30/Mar/2020:22:47:25 +0000] "GET /css/adminStyle.css HTTP/1.1" 304 - "http://localhost:8000/admin/login" "Mozilla/5.0 (Linux; Android 5.0; SM-G900P Build/LRX21T) AppleWebKit/537.36 (KHTML, like Gecko) Chrome/80.0.3987.87 Mobile Safari/537.36"
::1 - - [30/Mar/2020:22:47:30 +0000] "POST /admin/login HTTP/1.1" 500 63 "http://localhost:8000/admin/login" "Mozilla/5.0 (Linux; Android 5.0; SM-G900P Build/LRX21T) AppleWebKit/537.36 (KHTML, like Gecko) Chrome/80.0.3987.87 Mobile Safari/537.36"
::1 - - [30/Mar/2020:22:48:47 +0000] "GET /admin/login HTTP/1.1" 304 - "-" "Mozilla/5.0 (Linux; Android 5.0; SM-G900P Build/LRX21T) AppleWebKit/537.36 (KHTML, like Gecko) Chrome/80.0.3987.87 Mobile Safari/537.36"
::1 - - [30/Mar/2020:22:48:47 +0000] "GET /css/adminStyle.css HTTP/1.1" 304 - "http://localhost:8000/admin/login" "Mozilla/5.0 (Linux; Android 5.0; SM-G900P Build/LRX21T) AppleWebKit/537.36 (KHTML, like Gecko) Chrome/80.0.3987.87 Mobile Safari/537.36"
::1 - - [30/Mar/2020:22:48:53 +0000] "POST /admin/login HTTP/1.1" 403 83 "http://localhost:8000/admin/login" "Mozilla/5.0 (Linux; Android 5.0; SM-G900P Build/LRX21T) AppleWebKit/537.36 (KHTML, like Gecko) Chrome/80.0.3987.87 Mobile Safari/537.36"
::1 - - [30/Mar/2020:22:49:52 +0000] "GET /admin/login HTTP/1.1" 200 2766 "-" "Mozilla/5.0 (Linux; Android 5.0; SM-G900P Build/LRX21T) AppleWebKit/537.36 (KHTML, like Gecko) Chrome/80.0.3987.87 Mobile Safari/537.36"
::1 - - [30/Mar/2020:22:49:52 +0000] "GET /css/adminStyle.css HTTP/1.1" 304 - "http://localhost:8000/admin/login" "Mozilla/5.0 (Linux; Android 5.0; SM-G900P Build/LRX21T) AppleWebKit/537.36 (KHTML, like Gecko) Chrome/80.0.3987.87 Mobile Safari/537.36"
::1 - - [30/Mar/2020:22:50:01 +0000] "POST /admin/login HTTP/1.1" 403 83 "http://localhost:8000/admin/login" "Mozilla/5.0 (Linux; Android 5.0; SM-G900P Build/LRX21T) AppleWebKit/537.36 (KHTML, like Gecko) Chrome/80.0.3987.87 Mobile Safari/537.36"
::1 - - [30/Mar/2020:22:50:16 +0000] "GET /admin/login HTTP/1.1" 200 2777 "-" "Mozilla/5.0 (Linux; Android 5.0; SM-G900P Build/LRX21T) AppleWebKit/537.36 (KHTML, like Gecko) Chrome/80.0.3987.87 Mobile Safari/537.36"
::1 - - [30/Mar/2020:22:50:16 +0000] "GET /css/adminStyle.css HTTP/1.1" 304 - "http://localhost:8000/admin/login" "Mozilla/5.0 (Linux; Android 5.0; SM-G900P Build/LRX21T) AppleWebKit/537.36 (KHTML, like Gecko) Chrome/80.0.3987.87 Mobile Safari/537.36"
::1 - - [30/Mar/2020:22:50:21 +0000] "POST /admin/login HTTP/1.1" 403 83 "http://localhost:8000/admin/login" "Mozilla/5.0 (Linux; Android 5.0; SM-G900P Build/LRX21T) AppleWebKit/537.36 (KHTML, like Gecko) Chrome/80.0.3987.87 Mobile Safari/537.36"
::1 - - [30/Mar/2020:22:50:43 +0000] "GET /admin/login HTTP/1.1" 200 2787 "-" "Mozilla/5.0 (Linux; Android 5.0; SM-G900P Build/LRX21T) AppleWebKit/537.36 (KHTML, like Gecko) Chrome/80.0.3987.87 Mobile Safari/537.36"
::1 - - [30/Mar/2020:22:50:43 +0000] "GET /css/adminStyle.css HTTP/1.1" 304 - "http://localhost:8000/admin/login" "Mozilla/5.0 (Linux; Android 5.0; SM-G900P Build/LRX21T) AppleWebKit/537.36 (KHTML, like Gecko) Chrome/80.0.3987.87 Mobile Safari/537.36"
::1 - - [30/Mar/2020:22:50:48 +0000] "POST /admin/login HTTP/1.1" 403 83 "http://localhost:8000/admin/login" "Mozilla/5.0 (Linux; Android 5.0; SM-G900P Build/LRX21T) AppleWebKit/537.36 (KHTML, like Gecko) Chrome/80.0.3987.87 Mobile Safari/537.36"
::1 - - [30/Mar/2020:22:53:18 +0000] "GET /admin/login HTTP/1.1" 200 2967 "-" "Mozilla/5.0 (Linux; Android 5.0; SM-G900P Build/LRX21T) AppleWebKit/537.36 (KHTML, like Gecko) Chrome/80.0.3987.87 Mobile Safari/537.36"
::1 - - [30/Mar/2020:22:53:18 +0000] "GET /css/adminStyle.css HTTP/1.1" 304 - "http://localhost:8000/admin/login" "Mozilla/5.0 (Linux; Android 5.0; SM-G900P Build/LRX21T) AppleWebKit/537.36 (KHTML, like Gecko) Chrome/80.0.3987.87 Mobile Safari/537.36"
::1 - - [30/Mar/2020:22:53:24 +0000] "POST /admin/login HTTP/1.1" 403 83 "http://localhost:8000/admin/login" "Mozilla/5.0 (Linux; Android 5.0; SM-G900P Build/LRX21T) AppleWebKit/537.36 (KHTML, like Gecko) Chrome/80.0.3987.87 Mobile Safari/537.36"
::1 - - [30/Mar/2020:22:53:39 +0000] "GET /admin/login HTTP/1.1" 200 2968 "-" "Mozilla/5.0 (Linux; Android 5.0; SM-G900P Build/LRX21T) AppleWebKit/537.36 (KHTML, like Gecko) Chrome/80.0.3987.87 Mobile Safari/537.36"
::1 - - [30/Mar/2020:22:53:39 +0000] "GET /css/adminStyle.css HTTP/1.1" 304 - "http://localhost:8000/admin/login" "Mozilla/5.0 (Linux; Android 5.0; SM-G900P Build/LRX21T) AppleWebKit/537.36 (KHTML, like Gecko) Chrome/80.0.3987.87 Mobile Safari/537.36"
::1 - - [30/Mar/2020:22:53:44 +0000] "POST /admin/login HTTP/1.1" 403 83 "http://localhost:8000/admin/login" "Mozilla/5.0 (Linux; Android 5.0; SM-G900P Build/LRX21T) AppleWebKit/537.36 (KHTML, like Gecko) Chrome/80.0.3987.87 Mobile Safari/537.36"
::1 - - [30/Mar/2020:22:55:14 +0000] "GET /admin/login HTTP/1.1" 200 3171 "-" "Mozilla/5.0 (Linux; Android 5.0; SM-G900P Build/LRX21T) AppleWebKit/537.36 (KHTML, like Gecko) Chrome/80.0.3987.87 Mobile Safari/537.36"
::1 - - [30/Mar/2020:22:55:14 +0000] "GET /css/adminStyle.css HTTP/1.1" 304 - "http://localhost:8000/admin/login" "Mozilla/5.0 (Linux; Android 5.0; SM-G900P Build/LRX21T) AppleWebKit/537.36 (KHTML, like Gecko) Chrome/80.0.3987.87 Mobile Safari/537.36"
::1 - - [30/Mar/2020:22:55:21 +0000] "POST /admin/login HTTP/1.1" 403 83 "http://localhost:8000/admin/login" "Mozilla/5.0 (Linux; Android 5.0; SM-G900P Build/LRX21T) AppleWebKit/537.36 (KHTML, like Gecko) Chrome/80.0.3987.87 Mobile Safari/537.36"
